# JRE version: Java(TM) SE Runtime Environment (8.0_201-b09) (build 1.8.0_201-b09)
# Java VM: Java HotSpot(TM) 64-Bit Server VM (25.201-b09 mixed mode windows-amd64 compressed oops)
Heap:
 garbage-first heap   total 262144K, used 28070K [0x00000000c0000000, 0x00000000c0100800, 0x0000000100000000)
  region size 1024K, 18 young (18432K), 0 survivors (0K)
 Metaspace       used 22575K, capacity 23324K, committed 23552K, reserved 1069056K
  class space    used 2925K, capacity 3205K, committed 3328K, reserved 1048576K
GC Heap History (8 events):
Event: 0.165 GC heap before
{Heap before GC invocations=0 (full 0):
 garbage-first heap   total 262144K, used 12288K [0x00000000c0000000, 0x00000000c0100800, 0x0000000100000000)
  region size 1024K, 12 young (12288K), 0 survivors (0K)
 Metaspace       used 5684K, capacity 5896K, committed 6144K, reserved 1056768K
  class space    used 667K, capacity 735K, committed 768K, reserved 1048576K
Event: 0.167 GC heap after
Heap after GC invocations=1 (full 0):
 garbage-first heap   total 262144K, used 2537K [0x00000000c0000000, 0x00000000c0100800, 0x0000000100000000)
  region size 1024K, 2 young (2048K), 2 survivors (2048K)
 Metaspace       used 5684K, capacity 5896K, committed 6144K, reserved 1056768K
  class space    used 667K, capacity 735K, committed 768K, reserved 1048576K
}
Event: 0.227 GC heap before
{Heap before GC invocations=1 (full 0):
 garbage-first heap   total 262144K, used 17897K [0x00000000c0000000, 0x00000000c0100800, 0x0000000100000000)
  region size 1024K, 17 young (17408K), 2 survivors (2048K)
 Metaspace       used 7927K, capacity 8148K, committed 8320K, reserved 1056768K
  class space    used 984K, capacity 1057K, committed 1152K, reserved 1048576K
Event: 0.229 GC heap after
Heap after GC invocations=2 (full 0):
 garbage-first heap   total 262144K, used 4905K [0x00000000c0000000, 0x00000000c0100800, 0x0000000100000000)
  region size 1024K, 3 young (3072K), 3 survivors (3072K)
 Metaspace       used 7927K, capacity 8148K, committed 8320K, reserved 1056768K
  class space    used 984K, capacity 1057K, committed 1152K, reserved 1048576K
}
Event: 65.213 GC heap before
{Heap before GC invocations=2 (full 0):
 garbage-first heap   total 262144K, used 86825K [0x00000000c0000000, 0x00000000c0100800, 0x0000000100000000)
  region size 1024K, 84 young (86016K), 3 survivors (3072K)
 Metaspace       used 20478K, capacity 21198K, committed 21296K, reserved 1067008K
  class space    used 2604K, capacity 2906K, committed 2944K, reserved 1048576K
Event: 65.224 GC heap after
Heap after GC invocations=3 (full 0):
 garbage-first heap   total 262144K, used 18970K [0x00000000c0000000, 0x00000000c0100800, 0x0000000100000000)
  region size 1024K, 17 young (17408K), 17 survivors (17408K)
 Metaspace       used 20478K, capacity 21198K, committed 21296K, reserved 1067008K
  class space    used 2604K, capacity 2906K, committed 2944K, reserved 1048576K
}
Event: 65.279 GC heap before
{Heap before GC invocations=4 (full 0):
 garbage-first heap   total 262144K, used 20209K [0x00000000c0000000, 0x00000000c0100800, 0x0000000100000000)
  region size 1024K, 21 young (21504K), 17 survivors (17408K)
 Metaspace       used 21100K, capacity 21872K, committed 22016K, reserved 1069056K
  class space    used 2707K, capacity 3003K, committed 3072K, reserved 1048576K
Event: 65.306 GC heap after
Heap after GC invocations=5 (full 1):
 garbage-first heap   total 262144K, used 10662K [0x00000000c0000000, 0x00000000c0100800, 0x0000000100000000)
  region size 1024K, 0 young (0K), 0 survivors (0K)
 Metaspace       used 21100K, capacity 21872K, committed 22016K, reserved 1069056K
  class space    used 2707K, capacity 3003K, committed 3072K, reserved 1048576K
}

